meitu/Trunk/Meitu/proguard-project.txt
# To enable ProGuard in your project, edit project.properties
# to define the proguard.config property as described in that file.
#
# Add project specific ProGuard rules here.
# By default, the flags in this file are appended to flags specified
# in ${sdk.dir}/tools/proguard/proguard-android.txt
# You can edit the include path and order by changing the ProGuard
# include property in project.properties.
#
# For more details, see
#   http://developer.android.com/guide/developing/tools/proguard.html

# Add any project specific keep options here:

# If your project uses WebView with JS, uncomment the following
# and specify the fully qualified class name to the JavaScript interface
# class:
-keepclassmembers class fqcn.of.javascript.interface.for.webview {
   public *;
}

-libraryjars libs/Android_SDK.jar
-libraryjars libs/android-support-v4.jar
-libraryjars libs/commons-httpclient-3.0.1.jar
-libraryjars libs/fastjson-1.1.15.jar
-libraryjars libs/libammsdk.jar
-libraryjars libs/mta-sdk-1.6.2.jar
-libraryjars libs/open_sdk_r3922.jar
-libraryjars libs/weibosdkcore.jar
-libraryjars libs/TencentLocationSDK_v4.0_r139747.jar
-libraryjars libs/TencentMapSDK_Raster_v1.0.6.jar
-libraryjars libs/Rong_IMKit_v1_2_6.jar
-dontwarn java.awt.**
-dontwarn org.apache.commons.**
-dontwarn org.eclipse.jdt.**

-keep class com.tencent.**{*;} 
-keep class com.tencent.**{*;} 
-keep class com.bccv.meitu.wxapi.**{*;} 
-keep class com.bccv.meitu.view.**{*;} 
-keep class com.huewu.pla.lib.**{*;} 
-keep class com.me.maxwin.view.**{*;} 
-keep class com.com.nostra13.universalimageloader.**{*;}

-keep class com.bccv.meitu.model.**{
	public *;
}

-keepclasseswithmembernames class * { 
native <methods>;
}
-keepclasseswithmembers class * { 
public <init>(android.content.Context, android.util.AttributeSet);
}
-keepclasseswithmembers class * {
public <init>(android.content.Context, android.util.AttributeSet, int);
}
-keepclassmembers class * extends android.app.Activity {
public void *(android.view.View);
}

-keep public class * implements java.io.Serializable {
        public *;
}
 
 -keepclassmembers class **.R$* {
    public static <fields>;
}
 -keep class com.bccv.meitu.R$*{*;}
 
-keepclassmembers class * implements java.io.Serializable {
    static final long serialVersionUID;
    private static final java.io.ObjectStreamField[] serialPersistentFields;
    private void writeObject(java.io.ObjectOutputStream);
    private void readObject(java.io.ObjectInputStream);
    java.lang.Object writeReplace();
    java.lang.Object readResolve();
}
 
#-dontwarn android.support.**
#-dontwarn com.alibaba.fastjson.**

-keepclassmembers enum * {
public static **[] values();
public static ** valueOf(java.lang.String);
}
-keep class * implements android.os.Parcelable {
public static final android.os.Parcelable$Creator *;
}
-keepattributes Signature

-keep class io.rong.** {*;}
-keep class io.rong.imlib.RongIMClient{*;}
-keep class io.rong.imlib.RongIMClient$*{*;}
-keepattributes Exceptions, InnerClasses
 