meitu/Trunk/Meitu/proguard/seeds.txt
com.bccv.meitu.ApplicationManager
com.bccv.meitu.ApplicationManager: ApplicationManager()
com.bccv.meitu.R$anim: int base_slide_remain
com.bccv.meitu.R$anim: int base_slide_right_in
com.bccv.meitu.R$anim: int base_slide_right_out
com.bccv.meitu.R$anim: int in_from_left
com.bccv.meitu.R$anim: int in_from_right
com.bccv.meitu.R$anim: int menu_pop_in
com.bccv.meitu.R$anim: int menu_pop_out
com.bccv.meitu.R$anim: int out_to_left
com.bccv.meitu.R$anim: int out_to_right
com.bccv.meitu.R$anim: int photo_pop_in
com.bccv.meitu.R$anim: int photo_pop_out
com.bccv.meitu.R$anim: int rotate
com.bccv.meitu.R$array: int cache_phone_facturers
com.bccv.meitu.R$array: int word
com.bccv.meitu.R$attr: int absListViewStyle
com.bccv.meitu.R$attr: int accessibilityFocusable
com.bccv.meitu.R$attr: int addStatesFromChildren
com.bccv.meitu.R$attr: int alpha
com.bccv.meitu.R$attr: int alwaysDrawnWithCache
com.bccv.meitu.R$attr: int animateLayoutChanges
com.bccv.meitu.R$attr: int animationCache
com.bccv.meitu.R$attr: int cacheColorHint
com.bccv.meitu.R$attr: int choiceMode
com.bccv.meitu.R$attr: int clickable
com.bccv.meitu.R$attr: int clipChildren
com.bccv.meitu.R$attr: int clipToPadding
com.bccv.meitu.R$attr: int contentDescription
com.bccv.meitu.R$attr: int descendantFocusability
com.bccv.meitu.R$attr: int dividerHeight
com.bccv.meitu.R$attr: int drawSelectorOnTop
com.bccv.meitu.R$attr: int drawingCacheQuality
com.bccv.meitu.R$attr: int duplicateParentState
com.bccv.meitu.R$attr: int fadeScrollbars
com.bccv.meitu.R$attr: int fadingEdge
com.bccv.meitu.R$attr: int fadingEdgeLength
com.bccv.meitu.R$attr: int fastScrollAlwaysVisible
com.bccv.meitu.R$attr: int fastScrollEnabled
com.bccv.meitu.R$attr: int filterTouchesWhenObscured
com.bccv.meitu.R$attr: int fitsSystemWindows
com.bccv.meitu.R$attr: int focusable
com.bccv.meitu.R$attr: int focusableInTouchMode
com.bccv.meitu.R$attr: int footerDividersEnabled
com.bccv.meitu.R$attr: int hapticFeedbackEnabled
com.bccv.meitu.R$attr: int headerDividersEnabled
com.bccv.meitu.R$attr: int id
com.bccv.meitu.R$attr: int importantForAccessibility
com.bccv.meitu.R$attr: int isHeadParallax
com.bccv.meitu.R$color: int black
com.bccv.meitu.R$color: int black_light
com.bccv.meitu.R$color: int blue
com.bccv.meitu.R$color: int common_bg
com.bccv.meitu.R$color: int common_text
com.bccv.meitu.R$color: int dialog_bg_clicked
com.bccv.meitu.R$color: int dialog_bg_unclick
com.bccv.meitu.R$color: int gold
com.bccv.meitu.R$color: int gray
com.bccv.meitu.R$color: int green_forlist
com.bccv.meitu.R$color: int light_black
com.bccv.meitu.R$color: int light_gray
com.bccv.meitu.R$color: int light_gray_1
com.bccv.meitu.R$color: int light_gray_2
com.bccv.meitu.R$color: int red
com.bccv.meitu.R$color: int red_1
com.bccv.meitu.R$color: int weixin_bt_pressed_color
com.bccv.meitu.R$color: int weixin_bt_unpress_color
com.bccv.meitu.R$color: int white
com.bccv.meitu.R$dimen: int activity_horizontal_margin
com.bccv.meitu.R$dimen: int activity_vertical_margin
...
com.tencent.stat.common.e
com.tencent.stat.common.e: byte[] a
com.tencent.stat.common.e: byte[] a(byte[])
com.tencent.stat.common.e: byte[] b(byte[])
com.tencent.stat.common.e: byte[] a(byte[],byte[])
com.tencent.stat.common.e: byte[] b(byte[],byte[])
com.tencent.stat.common.e: void <clinit>()
com.tencent.stat.common.f
com.tencent.stat.common.f: long a
com.tencent.stat.common.f: long a(android.content.Context,java.lang.String)
com.tencent.stat.common.f: void a(android.content.Context,java.lang.String,long)
com.tencent.stat.common.f: boolean a(android.content.Context)
com.tencent.stat.common.f: void b(android.content.Context)
com.tencent.stat.common.f: void <clinit>()
com.tencent.stat.common.g
com.tencent.stat.common.g: boolean a
com.tencent.stat.common.g: byte[] a(byte[],int)
com.tencent.stat.common.g: byte[] a(byte[],int,int,int)
com.tencent.stat.common.g: byte[] b(byte[],int)
com.tencent.stat.common.g: byte[] b(byte[],int,int,int)
com.tencent.stat.common.g: g()
com.tencent.stat.common.g: void <clinit>()
com.tencent.stat.common.h
com.tencent.stat.common.h: byte[] a
com.tencent.stat.common.h: int b
com.tencent.stat.common.h: h()
com.tencent.stat.common.i
com.tencent.stat.common.i: int[] c
com.tencent.stat.common.i: int[] d
com.tencent.stat.common.i: int e
com.tencent.stat.common.i: int f
com.tencent.stat.common.i: int[] g
com.tencent.stat.common.i: i(int,byte[])
com.tencent.stat.common.i: boolean a(byte[],int,int,boolean)
com.tencent.stat.common.i: void <clinit>()
com.tencent.stat.common.j
com.tencent.stat.common.j: byte[] h
com.tencent.stat.common.j: byte[] i
com.tencent.stat.common.j: byte[] j
com.tencent.stat.common.j: int c
com.tencent.stat.common.j: int k
com.tencent.stat.common.j: boolean d
com.tencent.stat.common.j: boolean e
com.tencent.stat.common.j: boolean f
com.tencent.stat.common.j: byte[] l
com.tencent.stat.common.j: boolean g
com.tencent.stat.common.j: j(int,byte[])
com.tencent.stat.common.j: boolean a(byte[],int,int,boolean)
com.tencent.stat.common.j: void <clinit>()
com.tencent.stat.common.k
com.tencent.stat.common.k: java.lang.String a
com.tencent.stat.common.k: java.lang.String b
com.tencent.stat.common.k: java.lang.String c
com.tencent.stat.common.k: java.lang.String d
com.tencent.stat.common.k: java.util.Random e
com.tencent.stat.common.k: com.tencent.stat.common.StatLogger f
com.tencent.stat.common.k: java.lang.String g
com.tencent.stat.common.k: com.tencent.stat.common.l h
com.tencent.stat.common.k: com.tencent.stat.common.n i
com.tencent.stat.common.k: java.lang.String j
com.tencent.stat.common.k: int k
com.tencent.stat.common.k: java.util.Random h()
com.tencent.stat.common.k: int a()
com.tencent.stat.common.k: byte[] a(byte[])
com.tencent.stat.common.k: java.lang.String a(java.lang.String)
com.tencent.stat.common.k: org.apache.http.HttpHost a(android.content.Context)
com.tencent.stat.common.k: java.lang.String b(android.content.Context)
com.tencent.stat.common.k: java.lang.String c(android.content.Context)
com.tencent.stat.common.k: android.util.DisplayMetrics d(android.content.Context)
com.tencent.stat.common.k: boolean a(android.content.Context,java.lang.String)
com.tencent.stat.common.k: boolean e(android.content.Context)
com.tencent.stat.common.k: java.lang.String f(android.content.Context)
com.tencent.stat.common.k: boolean g(android.content.Context)
com.tencent.stat.common.k: boolean h(android.content.Context)
com.tencent.stat.common.k: java.lang.String i(android.content.Context)
com.tencent.stat.common.l
com.tencent.stat.common.l: l()
com.tencent.stat.common.l: int a()
com.tencent.stat.common.l: int b()
com.tencent.stat.common.l: int c()
com.tencent.stat.common.l: java.lang.String d()
com.tencent.stat.common.m
com.tencent.stat.common.m: m()
com.tencent.stat.common.m: boolean accept(java.io.File)
com.tencent.stat.common.n