meitu/Trunk/Meitu/proguard/mapping.txt
com.bccv.meitu.ApplicationManager -> com.bccv.meitu.ApplicationManager:
    com.bccv.meitu.ApplicationManager appInstances -> a
    void onCreate() -> onCreate
    com.bccv.meitu.ApplicationManager getInstance() -> a
    android.content.Context getGlobalContext() -> b
    void exitSystem() -> c
    void AppExit(android.content.Context) -> a
com.bccv.meitu.R -> com.bccv.meitu.a:
com.bccv.meitu.R$styleable -> com.bccv.meitu.b:
    int[] AbsListView -> AbsListView
    int AbsListView_cacheColorHint -> AbsListView_cacheColorHint
    int AbsListView_choiceMode -> AbsListView_choiceMode
    int AbsListView_drawSelectorOnTop -> AbsListView_drawSelectorOnTop
    int AbsListView_fastScrollAlwaysVisible -> AbsListView_fastScrollAlwaysVisible
    int AbsListView_fastScrollEnabled -> AbsListView_fastScrollEnabled
    int AbsListView_listSelector -> AbsListView_listSelector
    int AbsListView_scrollingCache -> AbsListView_scrollingCache
    int AbsListView_smoothScrollbar -> AbsListView_smoothScrollbar
    int AbsListView_stackFromBottom -> AbsListView_stackFromBottom
    int AbsListView_textFilterEnabled -> AbsListView_textFilterEnabled
    int AbsListView_transcriptMode -> AbsListView_transcriptMode
    int[] ListView -> ListView
    int ListView_dividerHeight -> ListView_dividerHeight
    int ListView_footerDividersEnabled -> ListView_footerDividersEnabled
    int ListView_headerDividersEnabled -> ListView_headerDividersEnabled
    int ListView_overScrollFooter -> ListView_overScrollFooter
    int ListView_overScrollHeader -> ListView_overScrollHeader
    int[] PinterestLikeAdapterView -> PinterestLikeAdapterView
    int PinterestLikeAdapterView_plaColumnNumber -> PinterestLikeAdapterView_plaColumnNumber
    int PinterestLikeAdapterView_plaColumnPaddingLeft -> PinterestLikeAdapterView_plaColumnPaddingLeft
com.bccv.meitu.api.DownLoadAPI -> com.bccv.meitu.api.a:
    android.content.Context mContext -> a
    void init(android.content.Context) -> a
    void downLoadApk(java.lang.String,java.lang.String,java.lang.String,int,boolean,boolean) -> a
    void downLoadFile(java.lang.String,java.lang.String,boolean) -> a
    boolean isServiceStarted(android.content.Context) -> b
    void startDownLoadService(android.content.Context) -> c
    void stopDownLoadService(android.content.Context) -> d
    android.content.Context access$0() -> a
com.bccv.meitu.api.DownLoadAPI$1 -> com.bccv.meitu.api.b:
    android.content.Intent val$intent -> a
    void run() -> run
com.bccv.meitu.api.DownLoadAPI$2 -> com.bccv.meitu.api.c:
    android.content.Intent val$intent -> a
    void run() -> run
...
com.tencent.map.b.q -> com.tencent.map.b.q:
    boolean a -> a
    void a(java.lang.String) -> a
com.tencent.map.b.r -> com.tencent.map.b.r:
    java.lang.String a(java.lang.String) -> a
    byte[] a(byte[]) -> a
    byte[] b(byte[]) -> b
com.tencent.map.b.s -> com.tencent.map.b.s:
    java.lang.String a -> a
    int[] b -> b
    boolean a(java.lang.String) -> a
    boolean b(java.lang.String) -> b
    double a(double,int) -> a
    int a(char) -> a
    java.lang.String a(java.lang.String,java.lang.String,java.lang.String,java.lang.String,boolean) -> a
    java.lang.String a(com.tencent.map.b.e$a) -> a
    boolean a(int,int,int,int,int) -> a
    java.lang.String a(com.tencent.map.b.m$b,java.util.List) -> a
    java.lang.String a(int,int,int,int,int,int,int) -> a
    java.lang.String a(com.tencent.map.b.f$b) -> a
    boolean c(java.lang.String) -> c
com.tencent.map.b.t -> com.tencent.map.b.t:
    android.content.Context a -> a
    com.tencent.map.b.t b -> b
    com.tencent.map.b.t a() -> a
    void a(android.content.Context) -> a
    android.content.Context b() -> b
    boolean c() -> c
    boolean d() -> d
com.tencent.map.b.u -> com.tencent.map.b.u:
    byte[] a -> a
    java.lang.String b -> b
    java.lang.String toString() -> toString
com.tencent.map.b.v -> com.tencent.map.b.v:
    int a -> a
    com.tencent.map.b.v b -> b
    com.tencent.map.b.v a() -> a
com.tencent.mm.a.a -> com.tencent.mm.a.a:
    java.lang.String a(byte[]) -> a
com.tencent.mm.sdk.a -> com.tencent.mm.sdk.a:
    android.content.ContentResolver a -> a
    java.lang.String[] b -> b
    java.util.HashMap c -> c
    com.tencent.mm.sdk.a$a d -> d
    java.lang.Object getValue(java.lang.String) -> getValue
    java.util.Map getAll() -> getAll
    java.lang.String getString(java.lang.String,java.lang.String) -> getString
    int getInt(java.lang.String,int) -> getInt
    long getLong(java.lang.String,long) -> getLong
    float getFloat(java.lang.String,float) -> getFloat
    boolean getBoolean(java.lang.String,boolean) -> getBoolean
    boolean contains(java.lang.String) -> contains
    android.content.SharedPreferences$Editor edit() -> edit
    void registerOnSharedPreferenceChangeListener(android.content.SharedPreferences$OnSharedPreferenceChangeListener) -> registerOnSharedPreferenceChangeListener
    void unregisterOnSharedPreferenceChangeListener(android.content.SharedPreferences$OnSharedPreferenceChangeListener) -> unregisterOnSharedPreferenceChangeListener
    java.util.Set getStringSet(java.lang.String,java.util.Set) -> getStringSet
com.tencent.mm.sdk.a$a -> com.tencent.mm.sdk.a$a:
    java.util.Map e -> e
    java.util.Set f -> f
    boolean g -> g
    android.content.ContentResolver a -> a
    android.content.SharedPreferences$Editor putString(java.lang.String,java.lang.String) -> putString
    android.content.SharedPreferences$Editor putInt(java.lang.String,int) -> putInt
    android.content.SharedPreferences$Editor putLong(java.lang.String,long) -> putLong
    android.content.SharedPreferences$Editor putFloat(java.lang.String,float) -> putFloat
    android.content.SharedPreferences$Editor putBoolean(java.lang.String,boolean) -> putBoolean
    android.content.SharedPreferences$Editor remove(java.lang.String) -> remove
    android.content.SharedPreferences$Editor clear() -> clear
    boolean commit() -> commit
    void apply() -> apply
    android.content.SharedPreferences$Editor putStringSet(java.lang.String,java.util.Set) -> putStringSet
com.tencent.mm.sdk.a.a -> com.tencent.mm.sdk.a.a:
    boolean a(android.content.Context,com.tencent.mm.sdk.a.a$a) -> a
com.tencent.mm.sdk.a.a$a -> com.tencent.mm.sdk.a.a$a:
    java.lang.String h -> h
    java.lang.String i -> i
    java.lang.String j -> j
    int flags -> flags
    android.os.Bundle k -> k
com.tencent.mm.sdk.a.a.a -> com.tencent.mm.sdk.a.a.a:
    boolean a(android.content.Context,com.tencent.mm.sdk.a.a.a$a) -> a