meitu/Trunk/Meitu/proguard/usage.txt
com.bccv.meitu.BuildConfig
com.bccv.meitu.R:
    10:10:public R()
com.bccv.meitu.R$anim
com.bccv.meitu.R$array
com.bccv.meitu.R$attr
com.bccv.meitu.R$color
com.bccv.meitu.R$dimen
com.bccv.meitu.R$drawable
com.bccv.meitu.R$id
com.bccv.meitu.R$layout
com.bccv.meitu.R$menu
com.bccv.meitu.R$string
com.bccv.meitu.R$style
com.bccv.meitu.R$styleable:
    2011:2011:public R$styleable()
com.bccv.meitu.api.DownLoadAPI:
    public static final java.lang.String TAG
    19:19:public DownLoadAPI()
com.bccv.meitu.api.NetWorkAPI:
    37:37:public NetWorkAPI()
    518:535:public static void nocareauthors(android.content.Context,java.util.List,com.bccv.meitu.network.HttpCallback)
com.bccv.meitu.api.UpLoadAPI
com.bccv.meitu.common.GlobalConstants:
    3:3:public GlobalConstants()
com.bccv.meitu.db.DataBaseConfig
com.bccv.meitu.db.DbUtil
com.bccv.meitu.db.IMeituDataBase
com.bccv.meitu.db.MeituDataBase
com.bccv.meitu.db.MeituDataBase$MeituOpenHelper
com.bccv.meitu.db.OperateDataBaseTemplate
com.bccv.meitu.db.StorageModule
com.bccv.meitu.download.DownloadManager:
    private static final java.lang.String TAG
    public static java.util.ArrayList unFishedDownLod
    public static final int DOWNLOAD_SUCCESS
    public static final int DOWNLOAD_FAILED
    public static final int SHOW_PROGRESS
com.bccv.meitu.download.DownloadRunnable:
    public static final java.lang.String TAG
    private static final int mConnectTimeout
    private static final int mReadTimeout
    private static final int RETRY_MAX_NUM
    59:60:public void setIsStop(boolean)
com.bccv.meitu.download.DownloadService:
    private static final java.lang.String TAG
    public static final java.lang.String DOWNLOAD_ACTION
    public static final java.lang.String DOWNLOAD_KEY
com.bccv.meitu.localphoto.SelectPhotoActivity:
    public static final java.lang.String SELECT_PHOTOS
com.bccv.meitu.localphoto.bean.ImageCache
com.bccv.meitu.localphoto.util.BitmapUtil:
    11:11:public BitmapUtil()
com.bccv.meitu.localphoto.util.CheckImageLoaderConfiguration:
    private static final long discCacheLimitTime
    14:14:public CheckImageLoaderConfiguration()
com.bccv.meitu.localphoto.util.ThumbnailsUtil:
    10:10:public ThumbnailsUtil()
com.bccv.meitu.localphoto.util.UniversalImageLoadTool:
    10:10:public UniversalImageLoadTool()
    15:15:public static com.nostra13.universalimageloader.core.ImageLoader getImageLoader()
    36:38:public static void clear()
    53:54:public static void stop()
    59:60:public static void destroy()
com.bccv.meitu.network.HttpReq:
    private static final java.lang.String TAG
    30:30:public int getServiceTag()
    34:35:public void setURL(java.lang.String)
    42:43:public void setReqMethod(com.bccv.meitu.network.HttpReq$ReqestMethod)
    58:58:public java.util.Map getParams()
    66:67:public void setCallBack(com.bccv.meitu.network.HttpCallback)
    73:73:protected com.bccv.meitu.network.HttpCallback getCallBack()
com.bccv.meitu.network.HttpReqImpl:
    25:25:public com.bccv.meitu.network.NetResBean getReportBean()
com.bccv.meitu.network.HttpService:
    private static final java.lang.String TAG
    57:68:public void addNormalReq(com.bccv.meitu.network.HttpReq)
    75:96:public void cancelReq(com.bccv.meitu.network.HttpReq)
    104:110:public void cancelAllReq()
    115:115:public void SetAsynchronousTaskNum(int)
com.bccv.meitu.network.HttpUtil:
    public static final java.lang.String UTF_8
    public static final java.lang.String DESC
    public static final java.lang.String ASC
    private static final int REQUEST_TIMEOUT
    private static final int SO_TIMEOUT
    private static final int RETRY_TIME
    private static final java.lang.String TAG
    44:44:public HttpUtil()
    299:305:public static java.lang.String decode(java.lang.String)
com.bccv.meitu.network.NetUtil:
    12:12:public NetUtil()
...
android.support.v4.view.accessibility.AccessibilityNodeInfoCompat:
    public static final int ACTION_FOCUS
    public static final int ACTION_CLEAR_FOCUS
    public static final int ACTION_SELECT
    public static final int ACTION_CLEAR_SELECTION
    public static final int ACTION_CLICK
    public static final int ACTION_LONG_CLICK
    public static final int ACTION_ACCESSIBILITY_FOCUS
    public static final int ACTION_CLEAR_ACCESSIBILITY_FOCUS
    public static final int ACTION_NEXT_AT_MOVEMENT_GRANULARITY
    public static final int ACTION_PREVIOUS_AT_MOVEMENT_GRANULARITY
    public static final int ACTION_NEXT_HTML_ELEMENT
    public static final int ACTION_PREVIOUS_HTML_ELEMENT
    public static final int ACTION_SCROLL_FORWARD
    public static final int ACTION_SCROLL_BACKWARD
    public static final int ACTION_COPY
    public static final int ACTION_PASTE
    public static final int ACTION_CUT
    public static final int ACTION_SET_SELECTION
    public static final java.lang.String ACTION_ARGUMENT_MOVEMENT_GRANULARITY_INT
    public static final java.lang.String ACTION_ARGUMENT_HTML_ELEMENT_STRING
    public static final java.lang.String ACTION_ARGUMENT_EXTEND_SELECTION_BOOLEAN
    public static final java.lang.String ACTION_ARGUMENT_SELECTION_START_INT
    public static final java.lang.String ACTION_ARGUMENT_SELECTION_END_INT
    public static final int FOCUS_INPUT
    public static final int FOCUS_ACCESSIBILITY
android.support.v4.view.accessibility.AccessibilityNodeInfoCompat$AccessibilityNodeInfoIcsImpl:
    429:429:public java.lang.Object obtain()
    434:434:public java.lang.Object obtain(android.view.View)
    454:454:public java.util.List findAccessibilityNodeInfosByText(java.lang.Object,java.lang.String)
    474:474:public java.lang.Object getChild(java.lang.Object,int)
    479:479:public int getChildCount(java.lang.Object)
    499:499:public java.lang.Object getParent(java.lang.Object)
    509:509:public int getWindowId(java.lang.Object)
    564:564:public boolean performAction(java.lang.Object,int)
    579:580:public void setCheckable(java.lang.Object,boolean)
    584:585:public void setChecked(java.lang.Object,boolean)
    634:635:public void setPassword(java.lang.Object,boolean)
    654:655:public void setText(java.lang.Object,java.lang.CharSequence)
android.support.v4.view.accessibility.AccessibilityNodeInfoCompat$AccessibilityNodeInfoImpl:
    public abstract java.lang.Object obtain()
    public abstract java.lang.Object obtain(android.view.View)
    public abstract java.lang.Object obtain(android.view.View,int)
    public abstract void setSource(java.lang.Object,android.view.View,int)
    public abstract java.lang.Object findFocus(java.lang.Object,int)
    public abstract java.lang.Object focusSearch(java.lang.Object,int)
    public abstract int getWindowId(java.lang.Object)
    public abstract int getChildCount(java.lang.Object)
    public abstract java.lang.Object getChild(java.lang.Object,int)
    public abstract void addChild(java.lang.Object,android.view.View,int)
    public abstract boolean performAction(java.lang.Object,int)
    public abstract boolean performAction(java.lang.Object,int,android.os.Bundle)
    public abstract java.util.List findAccessibilityNodeInfosByText(java.lang.Object,java.lang.String)
    public abstract java.lang.Object getParent(java.lang.Object)
    public abstract void setParent(java.lang.Object,android.view.View,int)
    public abstract void setCheckable(java.lang.Object,boolean)
    public abstract void setChecked(java.lang.Object,boolean)
    public abstract void setPassword(java.lang.Object,boolean)
    public abstract void setText(java.lang.Object,java.lang.CharSequence)
    public abstract void setViewIdResourceName(java.lang.Object,java.lang.String)